<?xml version="1.0" encoding="UTF-8"?>
<robot generator="Robot 3.2.1 (Python 3.7.7 on darwin)" generated="20200712 10:07:50.456" rpa="false">
<suite id="s1" name="Limehome Testing" source="/Users/test/Documents/projects/rf_tests_limehouse/automated_test/limehome_testing.robot">
<test id="s1-t1" name="Change The Birthdate, Natinoality On Booking Details Page">
<kw name="Open The Main Page">
<kw name="Open Browser" library="SeleniumLibrary">
<doc>Opens a new browser instance to the optional ``url``.</doc>
<arguments>
<arg>${MAIN_URL}</arg>
<arg>${BROWSER}</arg>
</arguments>
<msg timestamp="20200712 10:07:50.667" level="INFO">Opening browser 'Chrome' to base url 'https://limehome-qa-task.herokuapp.com'.</msg>
<status status="PASS" starttime="20200712 10:07:50.667" endtime="20200712 10:07:58.263"></status>
</kw>
<status status="PASS" starttime="20200712 10:07:50.667" endtime="20200712 10:07:58.263"></status>
</kw>
<kw name="Fill The Last Name, Booking Reference, Click Submit">
<kw name="Fill The Input">
<arguments>
<arg>${LAST_NAME_INPUT_FIELD}</arg>
<arg>${LAST_NAME_TEXT}</arg>
</arguments>
<kw name="Input Text" library="SeleniumLibrary">
<doc>Types the given ``text`` into the text field identified by ``locator``.</doc>
<arguments>
<arg>${LOCATOR}</arg>
<arg>${TEXT}</arg>
</arguments>
<msg timestamp="20200712 10:07:58.264" level="INFO">Typing text 'Test Last Name' into text field 'css=input[formcontrolname="lastName"]'.</msg>
<status status="PASS" starttime="20200712 10:07:58.264" endtime="20200712 10:07:58.484"></status>
</kw>
<status status="PASS" starttime="20200712 10:07:58.264" endtime="20200712 10:07:58.484"></status>
</kw>
<kw name="Fill The Input">
<arguments>
<arg>${BOOKING_REFERENCE_INPUT_FIELD}</arg>
<arg>${BOOKING_REFERENCE_NUMBER}</arg>
</arguments>
<kw name="Input Text" library="SeleniumLibrary">
<doc>Types the given ``text`` into the text field identified by ``locator``.</doc>
<arguments>
<arg>${LOCATOR}</arg>
<arg>${TEXT}</arg>
</arguments>
<msg timestamp="20200712 10:07:58.487" level="INFO">Typing text '347840' into text field 'css=input[formcontrolname="bookingReference"]'.</msg>
<status status="PASS" starttime="20200712 10:07:58.486" endtime="20200712 10:07:58.582"></status>
</kw>
<status status="PASS" starttime="20200712 10:07:58.485" endtime="20200712 10:07:58.582"></status>
</kw>
<kw name="Sleep" library="BuiltIn">
<doc>Pauses the test executed for the given time.</doc>
<arguments>
<arg>1s</arg>
</arguments>
<msg timestamp="20200712 10:07:59.583" level="INFO">Slept 1 second</msg>
<status status="PASS" starttime="20200712 10:07:58.582" endtime="20200712 10:07:59.583"></status>
</kw>
<kw name="Click Element" library="SeleniumLibrary">
<doc>Click the element identified by ``locator``.</doc>
<arguments>
<arg>${SUBMIT_BUTTON_ON_MAIN_PAGE}</arg>
</arguments>
<msg timestamp="20200712 10:07:59.584" level="INFO">Clicking element 'css=span.mat-button-wrapper'.</msg>
<status status="PASS" starttime="20200712 10:07:59.584" endtime="20200712 10:07:59.679"></status>
</kw>
<status status="PASS" starttime="20200712 10:07:58.263" endtime="20200712 10:07:59.679"></status>
</kw>
<kw name="Redirect To Booking Details Page Success">
<kw name="Wait Until Element Is Visible" library="SeleniumLibrary">
<doc>Waits until the element ``locator`` is visible.</doc>
<arguments>
<arg>xpath=//span[text()='Your booking details.']</arg>
</arguments>
<status status="PASS" starttime="20200712 10:07:59.679" endtime="20200712 10:08:00.877"></status>
</kw>
<status status="PASS" starttime="20200712 10:07:59.679" endtime="20200712 10:08:00.877"></status>
</kw>
<kw name="Open Calemdar">
<kw name="Click Element" library="SeleniumLibrary">
<doc>Click the element identified by ``locator``.</doc>
<arguments>
<arg>css=svg.mat-datepicker-toggle-default-icon</arg>
</arguments>
<msg timestamp="20200712 10:08:00.878" level="INFO">Clicking element 'css=svg.mat-datepicker-toggle-default-icon'.</msg>
<status status="PASS" starttime="20200712 10:08:00.878" endtime="20200712 10:08:01.000"></status>
</kw>
<status status="PASS" starttime="20200712 10:08:00.877" endtime="20200712 10:08:01.000"></status>
</kw>
<kw name="Sleep" library="BuiltIn">
<doc>Pauses the test executed for the given time.</doc>
<arguments>
<arg>1s</arg>
</arguments>
<msg timestamp="20200712 10:08:02.003" level="INFO">Slept 1 second</msg>
<status status="PASS" starttime="20200712 10:08:01.001" endtime="20200712 10:08:02.004"></status>
</kw>
<kw name="Choose Birthdate As Adult User">
<kw name="Click Element" library="SeleniumLibrary">
<doc>Click the element identified by ``locator``.</doc>
<arguments>
<arg>css=button.mat-calendar-period-button</arg>
</arguments>
<msg timestamp="20200712 10:08:02.005" level="INFO">Clicking element 'css=button.mat-calendar-period-button'.</msg>
<status status="PASS" starttime="20200712 10:08:02.005" endtime="20200712 10:08:02.099"></status>
</kw>
<kw name="Click Element" library="SeleniumLibrary">
<doc>Click the element identified by ``locator``.</doc>
<arguments>
<arg>css=div.mat-calendar-arrow</arg>
</arguments>
<msg timestamp="20200712 10:08:02.100" level="INFO">Clicking element 'css=div.mat-calendar-arrow'.</msg>
<status status="PASS" starttime="20200712 10:08:02.099" endtime="20200712 10:08:02.179"></status>
</kw>
<kw name="Click Element" library="SeleniumLibrary">
<doc>Click the element identified by ``locator``.</doc>
<arguments>
<arg>css=button.mat-calendar-previous-button</arg>
</arguments>
<msg timestamp="20200712 10:08:02.180" level="INFO">Clicking element 'css=button.mat-calendar-previous-button'.</msg>
<status status="PASS" starttime="20200712 10:08:02.180" endtime="20200712 10:08:02.257"></status>
</kw>
<kw name="Click Element" library="SeleniumLibrary">
<doc>Click the element identified by ``locator``.</doc>
<arguments>
<arg>css=td[aria-label="2000"]</arg>
</arguments>
<msg timestamp="20200712 10:08:02.258" level="INFO">Clicking element 'css=td[aria-label="2000"]'.</msg>
<status status="PASS" starttime="20200712 10:08:02.257" endtime="20200712 10:08:02.339"></status>
</kw>
<kw name="Click Element" library="SeleniumLibrary">
<doc>Click the element identified by ``locator``.</doc>
<arguments>
<arg>css=td[aria-label="May 2000"]</arg>
</arguments>
<msg timestamp="20200712 10:08:02.340" level="INFO">Clicking element 'css=td[aria-label="May 2000"]'.</msg>
<status status="PASS" starttime="20200712 10:08:02.339" endtime="20200712 10:08:02.431"></status>
</kw>
<kw name="Click Element" library="SeleniumLibrary">
<doc>Click the element identified by ``locator``.</doc>
<arguments>
<arg>css=td[aria-label="May 10, 2000"]</arg>
</arguments>
<msg timestamp="20200712 10:08:02.431" level="INFO">Clicking element 'css=td[aria-label="May 10, 2000"]'.</msg>
<status status="PASS" starttime="20200712 10:08:02.431" endtime="20200712 10:08:02.497"></status>
</kw>
<status status="PASS" starttime="20200712 10:08:02.004" endtime="20200712 10:08:02.498"></status>
</kw>
<kw name="Choose Nationality Denmark">
<kw name="Click Element" library="SeleniumLibrary">
<doc>Click the element identified by ``locator``.</doc>
<arguments>
<arg>xpath=//span[text()='German (DE)']</arg>
</arguments>
<msg timestamp="20200712 10:08:02.499" level="INFO">Clicking element 'xpath=//span[text()='German (DE)']'.</msg>
<status status="PASS" starttime="20200712 10:08:02.498" endtime="20200712 10:08:02.600"></status>
</kw>
<kw name="Click Element" library="SeleniumLibrary">
<doc>Click the element identified by ``locator``.</doc>
<arguments>
<arg>xpath=//span[text()=' Danish (DK) ']</arg>
</arguments>
<msg timestamp="20200712 10:08:02.601" level="INFO">Clicking element 'xpath=//span[text()=' Danish (DK) ']'.</msg>
<status status="PASS" starttime="20200712 10:08:02.600" endtime="20200712 10:08:02.708"></status>
</kw>
<status status="PASS" starttime="20200712 10:08:02.498" endtime="20200712 10:08:02.708"></status>
</kw>
<kw name="Date Selected Successfully">
<kw name="Page Should Contain Element" library="SeleniumLibrary">
<doc>Verifies that element ``locator`` is found on the current page.</doc>
<arguments>
<arg>css=input[ng-reflect-model="Wed May 10 2000 00:00:00 GMT+0"]</arg>
</arguments>
<msg timestamp="20200712 10:08:02.718" level="INFO">Current page contains element 'css=input[ng-reflect-model="Wed May 10 2000 00:00:00 GMT+0"]'.</msg>
<status status="PASS" starttime="20200712 10:08:02.709" endtime="20200712 10:08:02.719"></status>
</kw>
<status status="PASS" starttime="20200712 10:08:02.709" endtime="20200712 10:08:02.719"></status>
</kw>
<kw name="Nationality Denmark Selected Successfully">
<kw name="Page Should Contain Element" library="SeleniumLibrary">
<doc>Verifies that element ``locator`` is found on the current page.</doc>
<arguments>
<arg>xpath=//span[text()='Danish (DK)']</arg>
</arguments>
<msg timestamp="20200712 10:08:02.735" level="INFO">Current page contains element 'xpath=//span[text()='Danish (DK)']'.</msg>
<status status="PASS" starttime="20200712 10:08:02.719" endtime="20200712 10:08:02.735"></status>
</kw>
<status status="PASS" starttime="20200712 10:08:02.719" endtime="20200712 10:08:02.735"></status>
</kw>
<kw name="Close Browser" library="SeleniumLibrary" type="teardown">
<doc>Closes the current browser.</doc>
<status status="PASS" starttime="20200712 10:08:02.735" endtime="20200712 10:08:02.859"></status>
</kw>
<tags>
<tag>DEBUG</tag>
</tags>
<status status="PASS" starttime="20200712 10:07:50.666" endtime="20200712 10:08:02.859" critical="yes"></status>
</test>
<doc>Tests to verification filling last name on the main page
filling the all fields, choosing the date, change the nationality to Denmark on booking details page
and redirect to the confirmation page</doc>
<status status="PASS" starttime="20200712 10:07:50.457" endtime="20200712 10:08:02.861"></status>
</suite>
<statistics>
<total>
<stat pass="1" fail="0">Critical Tests</stat>
<stat pass="1" fail="0">All Tests</stat>
</total>
<tag>
<stat pass="1" fail="0">DEBUG</stat>
</tag>
<suite>
<stat pass="1" fail="0" id="s1" name="Limehome Testing">Limehome Testing</stat>
</suite>
</statistics>
<errors>
</errors>
</robot>
